Increment Time CutbackLevel Converged IterationsNeeded
           1   1.0000000000000000                0 T          15
           2   2.0000000000000000                0 T          18
           3   3.0000000000000000                0 T          22
           4   4.0000000000000000                0 T          20
           5   5.0000000000000000                0 T          18
           6   6.0000000000000000                0 T          16
           7   7.0000000000000000                0 T          16
           8   8.0000000000000000                0 T          15
           9   9.0000000000000000                0 T          14
          10   10.000000000000000                0 T          14
          11   11.000000000000000                0 T          14
          12   12.000000000000000                0 T          12
          13   13.000000000000000                0 T          12
          14   14.000000000000000                0 T          12
          15   15.000000000000000                0 T          10
          16   16.000000000000000                0 T          12
          17   17.000000000000000                0 T          10
          18   18.000000000000000                0 T          10
          19   19.000000000000000                0 T          10
          20   20.000000000000000                0 T           9
          21   21.000000000000000                0 T          10
          22   22.000000000000000                0 T           9
          23   23.000000000000000                0 T          10
          24   24.000000000000000                0 T           9
          25   25.000000000000000                0 T           8
          26   26.000000000000000                0 T           9
          27   27.000000000000000                0 T           9
          28   28.000000000000000                0 T           8
          29   29.000000000000000                0 T           8
          30   30.000000000000000                0 T           8
          31   31.000000000000000                0 T           8
          32   32.000000000000000                0 T           8
          33   33.000000000000000                0 T           7
          34   34.000000000000000                0 T           8
          35   35.000000000000000                0 T           8
          36   36.000000000000000                0 T           7
          37   37.000000000000000                0 T           7
          38   38.000000000000000                0 T           7
          39   39.000000000000000                0 T           7
          40   40.000000000000000                0 T           8
          41   41.000000000000000                0 T           8
          42   42.000000000000000                0 T           7
          43   43.000000000000000                0 T           7
          44   44.000000000000000                0 T           7
          45   45.000000000000000                0 T           7
          46   46.000000000000000                0 T           8
          47   47.000000000000000                0 T           7
          48   48.000000000000000                0 T           7
          49   49.000000000000000                0 T           6
          50   50.000000000000000                0 T           6
          51   51.000000000000000                0 T           7
          52   52.000000000000000                0 T           7
          53   53.000000000000000                0 T           7
          54   54.000000000000000                0 T           6
          55   55.000000000000000                0 T           7
          56   56.000000000000000                0 T           6
          57   57.000000000000000                0 T           6
          58   58.000000000000000                0 T           6
          59   59.000000000000000                0 T           6
          60   60.000000000000000                0 T           6
          61   61.000000000000000                0 T           7
          62   62.000000000000000                0 T           7
          63   63.000000000000000                0 T           6
          64   64.000000000000000                0 T           7
          65   65.000000000000000                0 T           6
          66   66.000000000000000                0 T           6
          67   67.000000000000000                0 T           7
          68   68.000000000000000                0 T           6
          69   69.000000000000000                0 T           6
          70   70.000000000000000                0 T           7
          71   71.000000000000000                0 T           6
          72   72.000000000000000                0 T           5
          73   73.000000000000000                0 T           7
          74   74.000000000000000                0 T           6
          75   75.000000000000000                0 T           5
          76   76.000000000000000                0 T           7
          77   77.000000000000000                0 T           6
          78   78.000000000000000                0 T           5
          79   79.000000000000000                0 T           7
          80   80.000000000000000                0 T           6
          81   81.000000000000000                0 T           5
          82   82.000000000000000                0 T           7
          83   83.000000000000000                0 T           6
          84   84.000000000000000                0 T           5
          85   85.000000000000000                0 T           7
          86   86.000000000000000                0 T           6
          87   87.000000000000000                0 T           5
          88   88.000000000000000                0 T           7
          89   89.000000000000000                0 T           6
          90   90.000000000000000                0 T           5
          91   91.000000000000000                0 T           7
          92   92.000000000000000                0 T           6
          93   93.000000000000000                0 T           5
          94   94.000000000000000                0 T           7
          95   95.000000000000000                0 T           6
          96   96.000000000000000                0 T           5
          97   97.000000000000000                0 T           7
          98   98.000000000000000                0 T           6
          99   99.000000000000000                0 T           5
         100   100.00000000000000                0 T           7
         101   101.00000000000000                0 T           6
         102   102.00000000000000                0 T           5
         103   103.00000000000000                0 T           7
         104   104.00000000000000                0 T           6
         105   105.00000000000000                0 T           5
         106   106.00000000000000                0 T           7
         107   107.00000000000000                0 T           5
         108   108.00000000000000                0 T           5
         109   109.00000000000000                0 T           8
         110   110.00000000000000                0 T           4
         111   111.00000000000000                0 T           6
         112   112.00000000000000                0 T           6
         113   113.00000000000000                0 T           3
         114   114.00000000000000                0 T           7
         115   115.00000000000000                0 T           6
         116   116.00000000000000                0 T           5
         117   117.00000000000000                0 T           8
         118   118.00000000000000                0 T           4
         119   119.00000000000000                0 T           7
         120   120.00000000000000                0 T           5
         121   121.00000000000000                0 T           6
         122   122.00000000000000                0 T           7
         123   123.00000000000000                0 T           5
         124   124.00000000000000                0 T           7
         125   125.00000000000000                0 T           6
         126   126.00000000000000                0 T           7
         127   127.00000000000000                0 T           5
         128   128.00000000000000                0 T           6
         129   129.00000000000000                0 T           7
         130   130.00000000000000                0 T           5
         131   131.00000000000000                0 T           7
         132   132.00000000000000                0 T           5
         133   133.00000000000000                0 T           6
         134   134.00000000000000                0 T           5
         135   135.00000000000000                0 T           5
         136   136.00000000000000                0 T           5
         137   137.00000000000000                0 T           6
         138   138.00000000000000                0 T           8
         139   139.00000000000000                0 T           5
         140   140.00000000000000                0 T           7
         141   141.00000000000000                0 T           5
         142   142.00000000000000                0 T           6
         143   143.00000000000000                0 T           6
         144   144.00000000000000                0 T           5
         145   145.00000000000000                0 T           5
         146   146.00000000000000                0 T           5
         147   147.00000000000000                0 T           5
         148   148.00000000000000                0 T           6
         149   149.00000000000000                0 T           7
         150   150.00000000000000                0 T           4
         151   151.00000000000000                0 T           7
         152   152.00000000000000                0 T           5
         153   153.00000000000000                0 T           6
         154   154.00000000000000                0 T           6
         155   155.00000000000000                0 T           4
         156   156.00000000000000                0 T           6
